{"C:\\Users\\J\\Documents\\ReactJS\\Node_shopper\\src\\app.ts": {"path":"C:\\Users\\J\\Documents\\ReactJS\\Node_shopper\\src\\app.ts","statementMap":{"0":{"start":{"line":1,"column":0},"end":{"line":1,"column":30}},"1":{"start":{"line":2,"column":0},"end":{"line":2,"column":33}},"2":{"start":{"line":3,"column":0},"end":{"line":3,"column":45}},"3":{"start":{"line":5,"column":0},"end":{"line":5,"column":16}},"4":{"start":{"line":7,"column":12},"end":{"line":7,"column":21}},"5":{"start":{"line":9,"column":0},"end":{"line":9,"column":24}},"6":{"start":{"line":10,"column":0},"end":{"line":10,"column":24}},"7":{"start":{"line":12,"column":0},"end":{"line":14,"column":3}},"8":{"start":{"line":13,"column":4},"end":{"line":13,"column":34}},"9":{"start":{"line":17,"column":0},"end":{"line":17,"column":19}}},"fnMap":{"0":{"name":"(anonymous_7)","decl":{"start":{"line":12,"column":13},"end":{"line":12,"column":14}},"loc":{"start":{"line":12,"column":26},"end":{"line":14,"column":1}}}},"branchMap":{},"s":{"0":1,"1":1,"2":1,"3":1,"4":1,"5":1,"6":1,"7":1,"8":0,"9":1},"f":{"0":0},"b":{}}
,"C:\\Users\\J\\Documents\\ReactJS\\Node_shopper\\src\\config.ts": {"path":"C:\\Users\\J\\Documents\\ReactJS\\Node_shopper\\src\\config.ts","statementMap":{"0":{"start":{"line":1,"column":0},"end":{"line":1,"column":28}},"1":{"start":{"line":2,"column":0},"end":{"line":2,"column":16}},"2":{"start":{"line":4,"column":13},"end":{"line":7,"column":2}}},"fnMap":{},"branchMap":{"0":{"loc":{"start":{"line":5,"column":13},"end":{"line":5,"column":77}},"type":"binary-expr","locations":[{"start":{"line":5,"column":13},"end":{"line":5,"column":32}},{"start":{"line":5,"column":36},"end":{"line":5,"column":77}}]}},"s":{"0":1,"1":1,"2":1},"f":{},"b":{"0":[1,0]}}
,"C:\\Users\\J\\Documents\\ReactJS\\Node_shopper\\src\\application\\UploadMeasure.ts": {"path":"C:\\Users\\J\\Documents\\ReactJS\\Node_shopper\\src\\application\\UploadMeasure.ts","statementMap":{"0":{"start":{"line":4,"column":0},"end":{"line":4,"column":33}},"1":{"start":{"line":8,"column":16},"end":{"line":8,"column":52}},"2":{"start":{"line":9,"column":16},"end":{"line":9,"column":44}},"3":{"start":{"line":20,"column":8},"end":{"line":22,"column":9}},"4":{"start":{"line":21,"column":12},"end":{"line":21,"column":76}},"5":{"start":{"line":24,"column":38},"end":{"line":24,"column":61}},"6":{"start":{"line":26,"column":8},"end":{"line":28,"column":9}},"7":{"start":{"line":27,"column":12},"end":{"line":27,"column":83}},"8":{"start":{"line":32,"column":28},"end":{"line":32,"column":83}},"9":{"start":{"line":34,"column":33},"end":{"line":41,"column":10}},"10":{"start":{"line":43,"column":8},"end":{"line":43,"column":62}},"11":{"start":{"line":44,"column":8},"end":{"line":44,"column":54}},"12":{"start":{"line":6,"column":0},"end":{"line":6,"column":13}}},"fnMap":{"0":{"name":"(anonymous_0)","decl":{"start":{"line":7,"column":4},"end":{"line":7,"column":null}},"loc":{"start":{"line":9,"column":44},"end":{"line":10,"column":8}}},"1":{"name":"(anonymous_1)","decl":{"start":{"line":12,"column":4},"end":{"line":12,"column":9}},"loc":{"start":{"line":17,"column":20},"end":{"line":45,"column":5}}}},"branchMap":{"0":{"loc":{"start":{"line":20,"column":8},"end":{"line":22,"column":9}},"type":"if","locations":[{"start":{"line":20,"column":8},"end":{"line":22,"column":9}}]},"1":{"loc":{"start":{"line":26,"column":8},"end":{"line":28,"column":9}},"type":"if","locations":[{"start":{"line":26,"column":8},"end":{"line":28,"column":9}}]}},"s":{"0":1,"1":1,"2":1,"3":1,"4":0,"5":1,"6":1,"7":0,"8":1,"9":1,"10":1,"11":1,"12":1},"f":{"0":1,"1":1},"b":{"0":[0],"1":[0]}}
,"C:\\Users\\J\\Documents\\ReactJS\\Node_shopper\\src\\infrastructure\\routes.ts": {"path":"C:\\Users\\J\\Documents\\ReactJS\\Node_shopper\\src\\infrastructure\\routes.ts","statementMap":{"0":{"start":{"line":1,"column":0},"end":{"line":1,"column":33}},"1":{"start":{"line":2,"column":0},"end":{"line":2,"column":68}},"2":{"start":{"line":3,"column":0},"end":{"line":3,"column":61}},"3":{"start":{"line":4,"column":0},"end":{"line":4,"column":85}},"4":{"start":{"line":5,"column":0},"end":{"line":5,"column":73}},"5":{"start":{"line":6,"column":0},"end":{"line":6,"column":76}},"6":{"start":{"line":8,"column":15},"end":{"line":8,"column":23}},"7":{"start":{"line":9,"column":26},"end":{"line":9,"column":49}},"8":{"start":{"line":10,"column":22},"end":{"line":10,"column":41}},"9":{"start":{"line":11,"column":22},"end":{"line":11,"column":73}},"10":{"start":{"line":12,"column":26},"end":{"line":12,"column":81}},"11":{"start":{"line":15,"column":0},"end":{"line":15,"column":100}},"12":{"start":{"line":15,"column":64},"end":{"line":15,"column":98}},"13":{"start":{"line":16,"column":0},"end":{"line":16,"column":72}},"14":{"start":{"line":16,"column":38},"end":{"line":16,"column":70}},"15":{"start":{"line":17,"column":0},"end":{"line":17,"column":80}},"16":{"start":{"line":17,"column":42},"end":{"line":17,"column":78}},"17":{"start":{"line":18,"column":0},"end":{"line":18,"column":105}},"18":{"start":{"line":18,"column":69},"end":{"line":18,"column":103}},"19":{"start":{"line":19,"column":0},"end":{"line":19,"column":81}},"20":{"start":{"line":19,"column":45},"end":{"line":19,"column":79}},"21":{"start":{"line":21,"column":0},"end":{"line":21,"column":22}}},"fnMap":{"0":{"name":"(anonymous_0)","decl":{"start":{"line":15,"column":50},"end":{"line":15,"column":51}},"loc":{"start":{"line":15,"column":64},"end":{"line":15,"column":98}}},"1":{"name":"(anonymous_1)","decl":{"start":{"line":16,"column":24},"end":{"line":16,"column":25}},"loc":{"start":{"line":16,"column":38},"end":{"line":16,"column":70}}},"2":{"name":"(anonymous_2)","decl":{"start":{"line":17,"column":28},"end":{"line":17,"column":29}},"loc":{"start":{"line":17,"column":42},"end":{"line":17,"column":78}}},"3":{"name":"(anonymous_3)","decl":{"start":{"line":18,"column":55},"end":{"line":18,"column":56}},"loc":{"start":{"line":18,"column":69},"end":{"line":18,"column":103}}},"4":{"name":"(anonymous_4)","decl":{"start":{"line":19,"column":31},"end":{"line":19,"column":32}},"loc":{"start":{"line":19,"column":45},"end":{"line":19,"column":79}}}},"branchMap":{},"s":{"0":1,"1":1,"2":1,"3":1,"4":1,"5":1,"6":1,"7":1,"8":1,"9":1,"10":1,"11":1,"12":1,"13":1,"14":0,"15":1,"16":0,"17":1,"18":0,"19":1,"20":0,"21":1},"f":{"0":1,"1":0,"2":0,"3":0,"4":0},"b":{}}
,"C:\\Users\\J\\Documents\\ReactJS\\Node_shopper\\src\\infrastructure\\controllers\\MeasureController.ts": {"path":"C:\\Users\\J\\Documents\\ReactJS\\Node_shopper\\src\\infrastructure\\controllers\\MeasureController.ts","statementMap":{"0":{"start":{"line":5,"column":0},"end":{"line":5,"column":36}},"1":{"start":{"line":6,"column":0},"end":{"line":6,"column":33}},"2":{"start":{"line":8,"column":17},"end":{"line":8,"column":36}},"3":{"start":{"line":12,"column":16},"end":{"line":12,"column":44}},"4":{"start":{"line":13,"column":16},"end":{"line":13,"column":52}},"5":{"start":{"line":17,"column":76},"end":{"line":17,"column":84}},"6":{"start":{"line":19,"column":8},"end":{"line":21,"column":9}},"7":{"start":{"line":20,"column":12},"end":{"line":20,"column":77}},"8":{"start":{"line":23,"column":8},"end":{"line":25,"column":9}},"9":{"start":{"line":24,"column":12},"end":{"line":24,"column":91}},"10":{"start":{"line":27,"column":8},"end":{"line":48,"column":9}},"11":{"start":{"line":28,"column":36},"end":{"line":28,"column":90}},"12":{"start":{"line":29,"column":12},"end":{"line":31,"column":13}},"13":{"start":{"line":30,"column":16},"end":{"line":30,"column":77}},"14":{"start":{"line":33,"column":25},"end":{"line":33,"column":33}},"15":{"start":{"line":35,"column":32},"end":{"line":35,"column":126}},"16":{"start":{"line":37,"column":12},"end":{"line":41,"column":15}},"17":{"start":{"line":43,"column":12},"end":{"line":47,"column":13}},"18":{"start":{"line":44,"column":16},"end":{"line":44,"column":110}},"19":{"start":{"line":46,"column":16},"end":{"line":46,"column":78}},"20":{"start":{"line":52,"column":23},"end":{"line":52,"column":33}},"21":{"start":{"line":53,"column":76},"end":{"line":53,"column":84}},"22":{"start":{"line":55,"column":8},"end":{"line":57,"column":9}},"23":{"start":{"line":56,"column":12},"end":{"line":56,"column":107}},"24":{"start":{"line":59,"column":8},"end":{"line":87,"column":9}},"25":{"start":{"line":61,"column":42},"end":{"line":61,"column":117}},"26":{"start":{"line":63,"column":50},"end":{"line":68,"column":14}},"27":{"start":{"line":70,"column":12},"end":{"line":70,"column":64}},"28":{"start":{"line":71,"column":35},"end":{"line":71,"column":76}},"29":{"start":{"line":72,"column":12},"end":{"line":80,"column":13}},"30":{"start":{"line":73,"column":38},"end":{"line":73,"column":106}},"31":{"start":{"line":74,"column":16},"end":{"line":77,"column":19}},"32":{"start":{"line":79,"column":16},"end":{"line":79,"column":91}},"33":{"start":{"line":82,"column":12},"end":{"line":86,"column":13}},"34":{"start":{"line":83,"column":16},"end":{"line":83,"column":70}},"35":{"start":{"line":85,"column":16},"end":{"line":85,"column":76}},"36":{"start":{"line":91,"column":8},"end":{"line":100,"column":9}},"37":{"start":{"line":92,"column":29},"end":{"line":92,"column":67}},"38":{"start":{"line":93,"column":12},"end":{"line":93,"column":43}},"39":{"start":{"line":95,"column":12},"end":{"line":99,"column":13}},"40":{"start":{"line":96,"column":16},"end":{"line":96,"column":70}},"41":{"start":{"line":98,"column":16},"end":{"line":98,"column":76}},"42":{"start":{"line":104,"column":23},"end":{"line":104,"column":33}},"43":{"start":{"line":106,"column":8},"end":{"line":123,"column":9}},"44":{"start":{"line":107,"column":28},"end":{"line":107,"column":69}},"45":{"start":{"line":108,"column":12},"end":{"line":116,"column":13}},"46":{"start":{"line":109,"column":38},"end":{"line":109,"column":99}},"47":{"start":{"line":110,"column":16},"end":{"line":113,"column":19}},"48":{"start":{"line":115,"column":16},"end":{"line":115,"column":74}},"49":{"start":{"line":118,"column":12},"end":{"line":122,"column":13}},"50":{"start":{"line":119,"column":16},"end":{"line":119,"column":70}},"51":{"start":{"line":121,"column":16},"end":{"line":121,"column":76}},"52":{"start":{"line":127,"column":23},"end":{"line":127,"column":33}},"53":{"start":{"line":129,"column":8},"end":{"line":138,"column":9}},"54":{"start":{"line":130,"column":12},"end":{"line":130,"column":52}},"55":{"start":{"line":131,"column":12},"end":{"line":131,"column":78}},"56":{"start":{"line":133,"column":12},"end":{"line":137,"column":13}},"57":{"start":{"line":134,"column":16},"end":{"line":134,"column":70}},"58":{"start":{"line":136,"column":16},"end":{"line":136,"column":76}},"59":{"start":{"line":10,"column":0},"end":{"line":10,"column":13}}},"fnMap":{"0":{"name":"(anonymous_0)","decl":{"start":{"line":11,"column":4},"end":{"line":11,"column":null}},"loc":{"start":{"line":13,"column":52},"end":{"line":14,"column":9}}},"1":{"name":"(anonymous_1)","decl":{"start":{"line":16,"column":4},"end":{"line":16,"column":9}},"loc":{"start":{"line":16,"column":44},"end":{"line":49,"column":5}}},"2":{"name":"(anonymous_2)","decl":{"start":{"line":51,"column":4},"end":{"line":51,"column":9}},"loc":{"start":{"line":51,"column":44},"end":{"line":88,"column":5}}},"3":{"name":"(anonymous_3)","decl":{"start":{"line":90,"column":4},"end":{"line":90,"column":9}},"loc":{"start":{"line":90,"column":42},"end":{"line":101,"column":5}}},"4":{"name":"(anonymous_4)","decl":{"start":{"line":103,"column":4},"end":{"line":103,"column":9}},"loc":{"start":{"line":103,"column":46},"end":{"line":124,"column":5}}},"5":{"name":"(anonymous_5)","decl":{"start":{"line":126,"column":4},"end":{"line":126,"column":9}},"loc":{"start":{"line":126,"column":44},"end":{"line":139,"column":5}}}},"branchMap":{"0":{"loc":{"start":{"line":19,"column":8},"end":{"line":21,"column":9}},"type":"if","locations":[{"start":{"line":19,"column":8},"end":{"line":21,"column":9}}]},"1":{"loc":{"start":{"line":23,"column":8},"end":{"line":25,"column":9}},"type":"if","locations":[{"start":{"line":23,"column":8},"end":{"line":25,"column":9}}]},"2":{"loc":{"start":{"line":23,"column":12},"end":{"line":23,"column":64}},"type":"binary-expr","locations":[{"start":{"line":23,"column":12},"end":{"line":23,"column":26}},{"start":{"line":23,"column":30},"end":{"line":23,"column":47}},{"start":{"line":23,"column":51},"end":{"line":23,"column":64}}]},"3":{"loc":{"start":{"line":29,"column":12},"end":{"line":31,"column":13}},"type":"if","locations":[{"start":{"line":29,"column":12},"end":{"line":31,"column":13}}]},"4":{"loc":{"start":{"line":43,"column":12},"end":{"line":47,"column":13}},"type":"if","locations":[{"start":{"line":43,"column":12},"end":{"line":47,"column":13}},{"start":{"line":45,"column":19},"end":{"line":47,"column":13}}]},"5":{"loc":{"start":{"line":55,"column":8},"end":{"line":57,"column":9}},"type":"if","locations":[{"start":{"line":55,"column":8},"end":{"line":57,"column":9}}]},"6":{"loc":{"start":{"line":55,"column":12},"end":{"line":55,"column":60}},"type":"binary-expr","locations":[{"start":{"line":55,"column":12},"end":{"line":55,"column":26}},{"start":{"line":55,"column":30},"end":{"line":55,"column":47}},{"start":{"line":55,"column":51},"end":{"line":55,"column":60}}]},"7":{"loc":{"start":{"line":61,"column":42},"end":{"line":61,"column":117}},"type":"binary-expr","locations":[{"start":{"line":61,"column":42},"end":{"line":61,"column":104}},{"start":{"line":61,"column":108},"end":{"line":61,"column":117}}]},"8":{"loc":{"start":{"line":72,"column":12},"end":{"line":80,"column":13}},"type":"if","locations":[{"start":{"line":72,"column":12},"end":{"line":80,"column":13}},{"start":{"line":78,"column":19},"end":{"line":80,"column":13}}]},"9":{"loc":{"start":{"line":82,"column":12},"end":{"line":86,"column":13}},"type":"if","locations":[{"start":{"line":82,"column":12},"end":{"line":86,"column":13}},{"start":{"line":84,"column":19},"end":{"line":86,"column":13}}]},"10":{"loc":{"start":{"line":95,"column":12},"end":{"line":99,"column":13}},"type":"if","locations":[{"start":{"line":95,"column":12},"end":{"line":99,"column":13}},{"start":{"line":97,"column":19},"end":{"line":99,"column":13}}]},"11":{"loc":{"start":{"line":108,"column":12},"end":{"line":116,"column":13}},"type":"if","locations":[{"start":{"line":108,"column":12},"end":{"line":116,"column":13}},{"start":{"line":114,"column":19},"end":{"line":116,"column":13}}]},"12":{"loc":{"start":{"line":118,"column":12},"end":{"line":122,"column":13}},"type":"if","locations":[{"start":{"line":118,"column":12},"end":{"line":122,"column":13}},{"start":{"line":120,"column":19},"end":{"line":122,"column":13}}]},"13":{"loc":{"start":{"line":133,"column":12},"end":{"line":137,"column":13}},"type":"if","locations":[{"start":{"line":133,"column":12},"end":{"line":137,"column":13}},{"start":{"line":135,"column":19},"end":{"line":137,"column":13}}]}},"s":{"0":1,"1":1,"2":1,"3":1,"4":1,"5":1,"6":1,"7":0,"8":1,"9":0,"10":1,"11":1,"12":1,"13":0,"14":1,"15":1,"16":1,"17":0,"18":0,"19":0,"20":0,"21":0,"22":0,"23":0,"24":0,"25":0,"26":0,"27":0,"28":0,"29":0,"30":0,"31":0,"32":0,"33":0,"34":0,"35":0,"36":0,"37":0,"38":0,"39":0,"40":0,"41":0,"42":0,"43":0,"44":0,"45":0,"46":0,"47":0,"48":0,"49":0,"50":0,"51":0,"52":0,"53":0,"54":0,"55":0,"56":0,"57":0,"58":0,"59":1},"f":{"0":1,"1":1,"2":0,"3":0,"4":0,"5":0},"b":{"0":[0],"1":[0],"2":[1,1,1],"3":[0],"4":[0,0],"5":[0],"6":[0,0,0],"7":[0,0],"8":[0,0],"9":[0,0],"10":[0,0],"11":[0,0],"12":[0,0],"13":[0,0]}}
,"C:\\Users\\J\\Documents\\ReactJS\\Node_shopper\\src\\infrastructure\\services\\GeminiService.ts": {"path":"C:\\Users\\J\\Documents\\ReactJS\\Node_shopper\\src\\infrastructure\\services\\GeminiService.ts","statementMap":{"0":{"start":{"line":39,"column":0},"end":{"line":39,"column":7}},"1":{"start":{"line":48,"column":0},"end":{"line":48,"column":7}},"2":{"start":{"line":62,"column":0},"end":{"line":62,"column":7}},"3":{"start":{"line":1,"column":0},"end":{"line":1,"column":59}},"4":{"start":{"line":2,"column":0},"end":{"line":2,"column":38}},"5":{"start":{"line":3,"column":0},"end":{"line":3,"column":78}},"6":{"start":{"line":4,"column":0},"end":{"line":4,"column":25}},"7":{"start":{"line":5,"column":0},"end":{"line":5,"column":29}},"8":{"start":{"line":6,"column":0},"end":{"line":6,"column":36}},"9":{"start":{"line":9,"column":14},"end":{"line":9,"column":52}},"10":{"start":{"line":10,"column":14},"end":{"line":10,"column":69}},"11":{"start":{"line":11,"column":20},"end":{"line":11,"column":59}},"12":{"start":{"line":14,"column":16},"end":{"line":14,"column":44}},"13":{"start":{"line":15,"column":0},"end":{"line":17,"column":1}},"14":{"start":{"line":16,"column":4},"end":{"line":16,"column":26}},"15":{"start":{"line":21,"column":23},"end":{"line":21,"column":48}},"16":{"start":{"line":22,"column":4},"end":{"line":24,"column":5}},"17":{"start":{"line":23,"column":8},"end":{"line":23,"column":66}},"18":{"start":{"line":25,"column":21},"end":{"line":25,"column":44}},"19":{"start":{"line":26,"column":21},"end":{"line":26,"column":49}},"20":{"start":{"line":27,"column":4},"end":{"line":35,"column":5}},"21":{"start":{"line":28,"column":8},"end":{"line":28,"column":57}},"22":{"start":{"line":30,"column":8},"end":{"line":34,"column":9}},"23":{"start":{"line":31,"column":12},"end":{"line":31,"column":73}},"24":{"start":{"line":33,"column":12},"end":{"line":33,"column":74}},"25":{"start":{"line":36,"column":4},"end":{"line":36,"column":20}},"26":{"start":{"line":40,"column":27},"end":{"line":43,"column":6}},"27":{"start":{"line":44,"column":4},"end":{"line":44,"column":55}},"28":{"start":{"line":45,"column":4},"end":{"line":45,"column":35}},"29":{"start":{"line":49,"column":15},"end":{"line":49,"column":50}},"30":{"start":{"line":50,"column":4},"end":{"line":54,"column":5}},"31":{"start":{"line":51,"column":8},"end":{"line":51,"column":37}},"32":{"start":{"line":52,"column":8},"end":{"line":52,"column":65}},"33":{"start":{"line":52,"column":37},"end":{"line":52,"column":63}},"34":{"start":{"line":53,"column":8},"end":{"line":53,"column":51}},"35":{"start":{"line":55,"column":4},"end":{"line":57,"column":5}},"36":{"start":{"line":56,"column":8},"end":{"line":56,"column":62}},"37":{"start":{"line":58,"column":4},"end":{"line":58,"column":20}},"38":{"start":{"line":63,"column":19},"end":{"line":71,"column":6}},"39":{"start":{"line":72,"column":25},"end":{"line":72,"column":47}},"40":{"start":{"line":73,"column":4},"end":{"line":73,"column":59}},"41":{"start":{"line":74,"column":4},"end":{"line":74,"column":24}},"42":{"start":{"line":81,"column":8},"end":{"line":81,"column":77}},"43":{"start":{"line":85,"column":8},"end":{"line":98,"column":9}},"44":{"start":{"line":86,"column":29},"end":{"line":86,"column":71}},"45":{"start":{"line":87,"column":29},"end":{"line":87,"column":75}},"46":{"start":{"line":88,"column":28},"end":{"line":88,"column":73}},"47":{"start":{"line":89,"column":32},"end":{"line":89,"column":60}},"48":{"start":{"line":90,"column":27},"end":{"line":90,"column":70}},"49":{"start":{"line":91,"column":12},"end":{"line":91,"column":26}},"50":{"start":{"line":93,"column":12},"end":{"line":97,"column":13}},"51":{"start":{"line":94,"column":16},"end":{"line":94,"column":80}},"52":{"start":{"line":96,"column":16},"end":{"line":96,"column":81}},"53":{"start":{"line":102,"column":8},"end":{"line":122,"column":9}},"54":{"start":{"line":103,"column":27},"end":{"line":103,"column":71}},"55":{"start":{"line":104,"column":12},"end":{"line":104,"column":53}},"56":{"start":{"line":107,"column":26},"end":{"line":107,"column":49}},"57":{"start":{"line":108,"column":12},"end":{"line":113,"column":13}},"58":{"start":{"line":109,"column":36},"end":{"line":109,"column":56}},"59":{"start":{"line":110,"column":16},"end":{"line":112,"column":17}},"60":{"start":{"line":111,"column":20},"end":{"line":111,"column":39}},"61":{"start":{"line":115,"column":12},"end":{"line":115,"column":71}},"62":{"start":{"line":117,"column":12},"end":{"line":121,"column":13}},"63":{"start":{"line":118,"column":16},"end":{"line":118,"column":92}},"64":{"start":{"line":120,"column":16},"end":{"line":120,"column":93}},"65":{"start":{"line":77,"column":0},"end":{"line":77,"column":13}}},"fnMap":{"0":{"name":"saveBase64Image","decl":{"start":{"line":20,"column":15},"end":{"line":20,"column":30}},"loc":{"start":{"line":20,"column":82},"end":{"line":37,"column":1}}},"1":{"name":"uploadFile","decl":{"start":{"line":39,"column":22},"end":{"line":39,"column":32}},"loc":{"start":{"line":39,"column":88},"end":{"line":46,"column":1}}},"2":{"name":"checkFileState","decl":{"start":{"line":48,"column":22},"end":{"line":48,"column":36}},"loc":{"start":{"line":48,"column":53},"end":{"line":59,"column":1}}},"3":{"name":"(anonymous_9)","decl":{"start":{"line":52,"column":26},"end":{"line":52,"column":33}},"loc":{"start":{"line":52,"column":37},"end":{"line":52,"column":63}}},"4":{"name":"generateContent","decl":{"start":{"line":62,"column":22},"end":{"line":62,"column":37}},"loc":{"start":{"line":62,"column":74},"end":{"line":75,"column":1}}},"5":{"name":"(anonymous_11)","decl":{"start":{"line":80,"column":4},"end":{"line":80,"column":null}},"loc":{"start":{"line":80,"column":4},"end":{"line":82,"column":5}}},"6":{"name":"(anonymous_12)","decl":{"start":{"line":84,"column":4},"end":{"line":84,"column":9}},"loc":{"start":{"line":84,"column":74},"end":{"line":99,"column":5}}},"7":{"name":"(anonymous_13)","decl":{"start":{"line":101,"column":4},"end":{"line":101,"column":9}},"loc":{"start":{"line":101,"column":85},"end":{"line":123,"column":5}}}},"branchMap":{"0":{"loc":{"start":{"line":15,"column":0},"end":{"line":17,"column":1}},"type":"if","locations":[{"start":{"line":15,"column":0},"end":{"line":17,"column":1}}]},"1":{"loc":{"start":{"line":20,"column":52},"end":{"line":20,"column":82}},"type":"default-arg","locations":[{"start":{"line":20,"column":77},"end":{"line":20,"column":82}}]},"2":{"loc":{"start":{"line":22,"column":4},"end":{"line":24,"column":5}},"type":"if","locations":[{"start":{"line":22,"column":4},"end":{"line":24,"column":5}}]},"3":{"loc":{"start":{"line":30,"column":8},"end":{"line":34,"column":9}},"type":"if","locations":[{"start":{"line":30,"column":8},"end":{"line":34,"column":9}},{"start":{"line":32,"column":15},"end":{"line":34,"column":9}}]},"4":{"loc":{"start":{"line":55,"column":4},"end":{"line":57,"column":5}},"type":"if","locations":[{"start":{"line":55,"column":4},"end":{"line":57,"column":5}}]},"5":{"loc":{"start":{"line":84,"column":44},"end":{"line":84,"column":74}},"type":"default-arg","locations":[{"start":{"line":84,"column":69},"end":{"line":84,"column":74}}]},"6":{"loc":{"start":{"line":87,"column":29},"end":{"line":87,"column":75}},"type":"cond-expr","locations":[{"start":{"line":87,"column":49},"end":{"line":87,"column":61}},{"start":{"line":87,"column":64},"end":{"line":87,"column":75}}]},"7":{"loc":{"start":{"line":93,"column":12},"end":{"line":97,"column":13}},"type":"if","locations":[{"start":{"line":93,"column":12},"end":{"line":97,"column":13}},{"start":{"line":95,"column":19},"end":{"line":97,"column":13}}]},"8":{"loc":{"start":{"line":101,"column":55},"end":{"line":101,"column":85}},"type":"default-arg","locations":[{"start":{"line":101,"column":80},"end":{"line":101,"column":85}}]},"9":{"loc":{"start":{"line":108,"column":12},"end":{"line":113,"column":13}},"type":"if","locations":[{"start":{"line":108,"column":12},"end":{"line":113,"column":13}}]},"10":{"loc":{"start":{"line":110,"column":16},"end":{"line":112,"column":17}},"type":"if","locations":[{"start":{"line":110,"column":16},"end":{"line":112,"column":17}}]},"11":{"loc":{"start":{"line":117,"column":12},"end":{"line":121,"column":13}},"type":"if","locations":[{"start":{"line":117,"column":12},"end":{"line":121,"column":13}},{"start":{"line":119,"column":19},"end":{"line":121,"column":13}}]}},"s":{"0":1,"1":1,"2":1,"3":1,"4":1,"5":1,"6":1,"7":1,"8":1,"9":1,"10":1,"11":1,"12":1,"13":1,"14":0,"15":0,"16":0,"17":0,"18":0,"19":0,"20":0,"21":0,"22":0,"23":0,"24":0,"25":0,"26":0,"27":0,"28":0,"29":0,"30":0,"31":0,"32":0,"33":0,"34":0,"35":0,"36":0,"37":0,"38":0,"39":0,"40":0,"41":0,"42":1,"43":0,"44":0,"45":0,"46":0,"47":0,"48":0,"49":0,"50":0,"51":0,"52":0,"53":0,"54":0,"55":0,"56":0,"57":0,"58":0,"59":0,"60":0,"61":0,"62":0,"63":0,"64":0,"65":1},"f":{"0":0,"1":0,"2":0,"3":0,"4":0,"5":1,"6":0,"7":0},"b":{"0":[0],"1":[0],"2":[0],"3":[0,0],"4":[0],"5":[0],"6":[0,0],"7":[0,0],"8":[0],"9":[0],"10":[0],"11":[0,0]}}
,"C:\\Users\\J\\Documents\\ReactJS\\Node_shopper\\src\\middlewares\\measureValidator.ts": {"path":"C:\\Users\\J\\Documents\\ReactJS\\Node_shopper\\src\\middlewares\\measureValidator.ts","statementMap":{"0":{"start":{"line":1,"column":0},"end":{"line":1,"column":22}},"1":{"start":{"line":3,"column":0},"end":{"line":3,"column":33}},"2":{"start":{"line":5,"column":17},"end":{"line":5,"column":36}},"3":{"start":{"line":7,"column":22},"end":{"line":15,"column":2}},"4":{"start":{"line":17,"column":41},"end":{"line":35,"column":1}},"5":{"start":{"line":18,"column":22},"end":{"line":18,"column":54}},"6":{"start":{"line":19,"column":4},"end":{"line":21,"column":5}},"7":{"start":{"line":20,"column":8},"end":{"line":20,"column":75}},"8":{"start":{"line":23,"column":4},"end":{"line":32,"column":5}},"9":{"start":{"line":24,"column":20},"end":{"line":24,"column":52}},"10":{"start":{"line":25,"column":8},"end":{"line":25,"column":48}},"11":{"start":{"line":27,"column":32},"end":{"line":27,"column":95}},"12":{"start":{"line":28,"column":8},"end":{"line":30,"column":9}},"13":{"start":{"line":29,"column":12},"end":{"line":29,"column":99}},"14":{"start":{"line":31,"column":8},"end":{"line":31,"column":60}},"15":{"start":{"line":34,"column":4},"end":{"line":34,"column":11}},"16":{"start":{"line":17,"column":13},"end":{"line":17,"column":41}}},"fnMap":{"0":{"name":"(anonymous_1)","decl":{"start":{"line":17,"column":41},"end":{"line":17,"column":42}},"loc":{"start":{"line":17,"column":93},"end":{"line":35,"column":1}}}},"branchMap":{"0":{"loc":{"start":{"line":19,"column":4},"end":{"line":21,"column":5}},"type":"if","locations":[{"start":{"line":19,"column":4},"end":{"line":21,"column":5}}]},"1":{"loc":{"start":{"line":23,"column":4},"end":{"line":32,"column":5}},"type":"if","locations":[{"start":{"line":23,"column":4},"end":{"line":32,"column":5}},{"start":{"line":26,"column":11},"end":{"line":32,"column":5}}]},"2":{"loc":{"start":{"line":28,"column":8},"end":{"line":30,"column":9}},"type":"if","locations":[{"start":{"line":28,"column":8},"end":{"line":30,"column":9}}]}},"s":{"0":1,"1":1,"2":1,"3":1,"4":1,"5":2,"6":2,"7":1,"8":1,"9":0,"10":0,"11":1,"12":1,"13":0,"14":1,"15":1,"16":1},"f":{"0":2},"b":{"0":[1],"1":[0,1],"2":[0]}}
}
